make.exe all --print-data-base --no-builtin-variables --no-builtin-rules --question
# GNU Make 4.3
# Built for x86_64-pc-msys
# Copyright (C) 1988-2020 Free Software Foundation, Inc.
# License GPLv3+: GNU GPL version 3 or later <http://gnu.org/licenses/gpl.html>
# This is free software: you are free to change and redistribute it.
# There is NO WARRANTY, to the extent permitted by law.
 

# Make data base, printed on Tue May 17 16:03:41 2022

# Variables

 
# environment
FPS_BROWSER_APP_PROFILE_STRING = Internet Explorer
# environment
SYSTEMDRIVE = C:
# environment
JAVA_HOME = D:\Program Files\Java\jre1.8.0_321
# makefile (from 'Makefile', line 3)
OBJ = $(SRC:.cpp=.o)
# environment
LC_ALL = C
# makefile (from 'Makefile', line 1)
SRC = $(wildcard src/*.cpp)
# environment
OCULUSBASE = C:\Program Files\Oculus\
# environment
USERPROFILE = C:\Users\toast
# environment
VBOX_MSI_INSTALL_PATH = D:\Program Files\Oracle\VirtualBox\
# environment
SDKROOT = C:\Library\Developer\Platforms\Windows.platform\Developer\SDKs\Windows.sdk
# environment
LOCALAPPDATA = C:\Users\toast\AppData\Local
# environment
VSCODE_IPC_HOOK_EXTHOST = \\.\pipe\vscode-ipc-23815665-a6b7-4a6b-8f92-ee67ad115f56-sock
# environment
VSCODE_CWD = C:\Users\toast\AppData\Local\Programs\Microsoft VS Code
# environment
SYSTEMROOT = C:\Windows
# environment
PROCESSOR_LEVEL = 23
# environment
PSMODULEPATH = C:\Program Files\WindowsPowerShell\Modules;C:\Windows\system32\WindowsPowerShell\v1.0\Modules
# default
MAKE_COMMAND := make
# environment
GOPATH = C:\Users\toast\go
# automatic
@D = $(patsubst %/,%,$(dir $@))
# environment
CHROME_CRASHPAD_PIPE_NAME = \\.\pipe\crashpad_14584_VPCLVEQGMHFRCCCT
# environment
FPS_BROWSER_USER_PROFILE_STRING = Default
# environment
VK_SDK_PATH = D:\VulkanSDK\1.2.198.1
# default
.VARIABLES := 
# environment
VSCODE_HANDLES_UNCAUGHT_ERRORS = true
# automatic
%D = $(patsubst %/,%,$(dir $%))
# automatic
^D = $(patsubst %/,%,$(dir $^))
# environment
VSCODE_LOG_STACK = false
# automatic
%F = $(notdir $%)
# environment
VSCODE_CODE_CACHE_PATH = C:\Users\toast\AppData\Roaming\Code\CachedData\57fd6d0195bb9b9d1b49f6da5db789060795de47
# environment
LANG = C
# default
.LOADED := 
# environment
TMP = /c/Users/toast/AppData/Local/Temp
# default
.INCLUDE_DIRS = /usr/include /usr/include
# makefile
MAKEFLAGS = pqrR
# environment
ONEDRIVE = C:\Users\toast\OneDrive
# makefile
CURDIR := /c/Users/toast/Desktop/toast-lang
# environment
VSCODE_PIPE_LOGGING = true
# environment
APPLICATION_INSIGHTS_NO_DIAGNOSTIC_CHANNEL = true
# makefile (from 'Makefile', line 2)
HDR = $(wildcard include/*.hpp) $(wildcard include/*.h)
# automatic
*D = $(patsubst %/,%,$(dir $*))
# environment
PROGRAMFILES = C:\Program Files
# environment
MFLAGS = -pqrR
# default
.SHELLFLAGS := -c
# environment
!C: = c:\Users\toast\Desktop\toast-lang
# environment
COMMONPROGRAMW6432 = C:\Program Files\Common Files
# automatic
+D = $(patsubst %/,%,$(dir $+))
# makefile (from 'Makefile', line 1)
MAKEFILE_LIST := Makefile
# automatic
@F = $(notdir $@)
# environment
VSCODE_VERBOSE_LOGGING = true
# environment
VSCODE_PID = 14584
# automatic
?D = $(patsubst %/,%,$(dir $?))
# automatic
*F = $(notdir $*)
# automatic
<D = $(patsubst %/,%,$(dir $<))
# environment
VSCODE_NLS_CONFIG = {"locale":"en-us","availableLanguages":{},"_languagePackSupport":true}
# environment
ONEDRIVECONSUMER = C:\Users\toast\OneDrive
# default
MAKE_HOST := x86_64-pc-msys
# environment
PROGRAMDATA = C:\ProgramData
# default
SHELL := /bin/sh
# environment
HOMEPATH = \Users\toast
# default
MAKECMDGOALS := all
# environment
DEVELOPER_DIR = C:\Library\Developer
# environment
DRIVERDATA = C:\Windows\System32\Drivers\DriverData
# environment
COMSPEC = C:\Windows\system32\cmd.exe
# environment
WINDIR = C:\Windows
# environment
MAKELEVEL := 0
# default
MAKE = $(MAKE_COMMAND)
# environment
PATH = /d/VulkanSDK/1.2.198.1/Bin:/c/Program Files/Oculus/Support/oculus-runtime:/c/Program Files (x86)/Razer Chroma SDK/bin:/c/Program Files/Razer Chroma SDK/bin:/c/Program Files (x86)/Razer/ChromaBroadcast/bin:/c/Program Files/Razer/ChromaBroadcast/bin:/c/Windows/system32:/c/Windows:/c/Windows/System32/Wbem:/c/Windows/System32/WindowsPowerShell/v1.0:/c/Windows/System32/OpenSSH:/c/Windows/system32/config/systemprofile/AppData/Local/Microsoft/WindowsApps:/d/Program Files (x86)/PuTTY:/c/Program Files/Microsoft SQL Server/150/Tools/Binn:/c/Program Files/Microsoft SQL Server/Client SDK/ODBC/170/Tools/Binn:/c/Program Files/dotnet:/c/Library/Developer/Toolchains/unknown-Asserts-development.xctoolchain/usr/bin:/c/Library/Swift-development/bin:/c/Library/icu-67/usr/bin:/d/Program Files/AMD/ATI.ACE/Core-Static:/d/Program Files/nodejs:/d/Program Files/Git/cmd:/c/Program Files/Docker/Docker/resources/bin:/c/ProgramData/DockerDesktop/version-bin:/d/Program Files/erl-24.1.7/bin:/d/Program Files (x86)/Elixir/bin:/c/Windows/system32/config/systemprofile/.mix/escripts:/d/Program Files/CMake/bin:/d/Program Files (x86)/Go/bin:/c/Program Files/Microsoft Visual Studio/2022/Professional/VC/Tools/MSVC/14.31.31103/bin/Hostx64/x64:/c/Program Files/MySQL/MySQL Shell 8.0/bin:/d/Program Files/Java/jdk-16.0.2/bin:/d/Program Files/qemu:/c/Users/toast/.cargo/bin:/c/Users/toast/AppData/Local/Programs/Python/Python39/Scripts:/c/Users/toast/AppData/Local/Programs/Python/Python39:/c/Users/toast/scoop/shims:/c/Users/toast/AppData/Local/Microsoft/WindowsApps:/c/Users/toast/AppData/Local/Programs/Microsoft VS Code/bin:/c/Users/toast/.dotnet/tools:/d/Program Files/JetBrains/IntelliJ IDEA 2021.2.1/bin:/mingw64/bin:/usr/bin:/c/Users/toast/.dotnet/tools:/c/Users/toast/AppData/Local/GitHubDesktop/bin:/c/php:/c/Users/toast/.deno/bin:/c/Users/toast/AppData/Roaming/npm:/d/v:/c/Users/toast/go/bin
# environment
COMPUTERNAME = TOASTER
 
# default
MAKEFILES := 
# automatic
^F = $(notdir $^)
# environment
PROMPT = $P$G
# environment
INTELLIJ IDEA = D:\Program Files\JetBrains\IntelliJ IDEA 2021.2.1\bin;
# environment
CASSANDRA_HOME = D:\Program Files\Cassandra
# environment
LOGONSERVER = \\TOASTER
# environment
VSCODE_LOG_NATIVE = false
# environment
USERNAME = toast
# environment
COMMONPROGRAMFILES = C:\Program Files\Common Files
# automatic
?F = $(notdir $?)
# environment
PROGRAMW6432 = C:\Program Files
# environment
PATHEXT = .COM;.EXE;.BAT;.CMD;.VBS;.VBE;.JS;.JSE;.WSF;.WSH;.MSC
# automatic
+F = $(notdir $+)
# environment
ORIGINAL_XDG_CURRENT_DESKTOP = undefined
# environment
USERDOMAIN = TOASTER
# 'override' directive
GNUMAKEFLAGS := 
# environment
OS = Windows_NT
# makefile
.DEFAULT_GOAL := all
# default
MAKE_VERSION := 4.3
# environment
PROGRAMFILES(X86) = C:\Program Files (x86)
# makefile (from 'Makefile', line 8)
LDFLAGS = 
# environment
USERDOMAIN_ROAMINGPROFILE = TOASTER
# environment
NUMBER_OF_PROCESSORS = 4
# environment
PUBLIC = C:\Users\Public
# environment
ASL.LOG = Destination=file
# environment
APPDATA = C:\Users\toast\AppData\Roaming
# makefile (from 'Makefile', line 7)
CFLAGS = -c
# environment
HOMEDRIVE = C:
# environment
VULKAN_SDK = D:\VulkanSDK\1.2.198.1
# environment
PROCESSOR_ARCHITECTURE = AMD64
# environment
VSCODE_AMD_ENTRYPOINT = vs/workbench/api/node/extensionHostProcess
# environment
HOME = /home/toast
# environment
COMMONPROGRAMFILES(X86) = C:\Program Files (x86)\Common Files
# environment
ELECTRON_RUN_AS_NODE = 1
# environment
TEMP = /c/Users/toast/AppData/Local/Temp
# environment
VSCODE_IPC_HOOK = \\.\pipe\b33c9c382f1a5dd6c8e21876c37915d1-1.67.0-main-sock
# environment
TERM = xterm-256color
# default
.RECIPEPREFIX := 
# automatic
<F = $(notdir $<)
# makefile (from 'Makefile', line 10)
OUT = ./t
# default
SUFFIXES := 
# environment
ALLUSERSPROFILE = C:\ProgramData
# environment
SESSIONNAME = Console
# default
.FEATURES := target-specific order-only second-expansion else-if shortest-stem undefine oneshell nocomment grouped-target extra-prereqs archives jobserver output-sync check-symlink load
# environment
PROCESSOR_REVISION = 1100
# makefile (from 'Makefile', line 5)
CC = g++
# environment
PROCESSOR_IDENTIFIER = AMD64 Family 23 Model 17 Stepping 0, AuthenticAMD
# variable set hash-table stats:
# Load=115/1024=11%, Rehash=0, Collisions=20/153=13%

# Pattern-specific Variable Values

# No pattern-specific variable values.

# Directories

# include (device 2255987, inode 12384898975622606): 5 files, no impossibilities.
# src (device 2255987, inode 30680772461658381): 10 files, no impossibilities.
# . (device 2255987, inode 8725724278091616): 12 files, no impossibilities.

# 27 files, no impossibilities in 3 directories.

# Implicit Rules

%.o: %.cpp include/ast.h include/parser.h include/util.h
#  recipe to execute (from 'Makefile', line 16):
	$(CC) $(CFLAGS) $< -o $@

# 1 implicit rules, 0 (0.0%) terminal.
# Files

# Not a target:
include/util.h:
#  Implicit rule search has been done.
#  Last modified 2022-05-11 18:43:14.4565928
#  File has been updated.
#  Successfully updated.

src/ast.o: src/ast.cpp include/ast.h include/parser.h include/util.h
#  Implicit rule search has been done.
#  Implicit/static pattern stem: 'src/ast'
#  Last modified 2022-05-13 16:23:48.9305659
#  File has been updated.
#  Needs to be updated (-q is set).
# automatic
# @ := src/ast.o
# automatic
# * := src/ast
# automatic
# < := src/ast.cpp
# automatic
# + := src/ast.cpp include/ast.h include/parser.h include/util.h
# automatic
# % := 
# automatic
# ^ := src/ast.cpp include/ast.h include/parser.h include/util.h
# automatic
# ? := src/ast.cpp include/ast.h
# automatic
# | := 
# variable set hash-table stats:
 
# Load=8/32=25%, Rehash=0, Collisions=2/15=13%
#  recipe to execute (from 'Makefile', line 16):
	$(CC) $(CFLAGS) $< -o $@

# Not a target:
 
Makefile:
 
#  Implicit rule search has been done.
#  Last modified 2022-05-17 16:03:16.0333505
#  File has been updated.
#  Successfully updated.

clean:
#  Implicit rule search has not been done.
#  Modification time never checked.
#  File has not been updated.
#  recipe to execute (from 'Makefile', line 22):
	rm -rf $(OBJ) $(OUT)

# Not a target:
src/main.o:
#  Implicit rule search has not been done.
#  Modification time never checked.
#  File has not been updated.

# Not a target:
.DEFAULT:
#  Implicit rule search has not been done.
#  Modification time never checked.
#  File has not been updated.

# Not a target:
src/parser.o:
#  Implicit rule search has not been done.
#  Modification time never checked.
#  File has not been updated.

# Not a target:
include/ast.h:
#  Implicit rule search has been done.
#  Last modified 2022-05-17 15:37:38.8372505
#  File has been updated.
#  Successfully updated.

all: t
#  Command line target.
#  Implicit rule search has not been done.
#  File does not exist.
#  File has been updated.
#  Needs to be updated (-q is set).
# variable set hash-table stats:
# Load=0/32=0%, Rehash=0, Collisions=0/5=0%
#  recipe to execute (from 'Makefile', line 13):
	$(OUT) -c test.to

# Not a target:
src/ast.cpp:
#  Implicit rule search has been done.
#  Last modified 2022-05-17 15:37:53.4750819
#  File has been updated.
#  Successfully updated.

# Not a target:
include/parser.h:
#  Implicit rule search has been done.
#  Last modified 2022-05-13 15:08:49.7203994
#  File has been updated.
#  Successfully updated.

# Not a target:
src/util.o:
#  Implicit rule search has not been done.
#  Modification time never checked.
#  File has not been updated.

t: src/ast.o src/main.o src/parser.o src/util.o include/ast.h include/parser.h include/util.h
#  Implicit rule search has not been done.
#  File does not exist.
#  File has been updated.
#  Needs to be updated (-q is set).
# variable set hash-table stats:
# Load=0/32=0%, Rehash=0, Collisions=0/5=0%
#  recipe to execute (from 'Makefile', line 19):
	$(CC) $(LDFLAGS) $^ -o $@

# files hash-table stats:
# Load=14/1024=1%, Rehash=0, Collisions=0/43=0%
# VPATH Search Paths

# No 'vpath' search paths.

# No general ('VPATH' variable) search path.

# strcache buffers: 1 (0) / strings = 40 / storage = 333 B / avg = 8 B
# current buf: size = 8162 B / used = 333 B / count = 40 / avg = 8 B

# strcache performance: lookups = 65 / hit rate = 38%
# hash-table stats:
# Load=40/8192=0%, Rehash=0, Collisions=0/65=0%
# Finished Make data base on Tue May 17 16:03:41 2022

 
